<?xml version="1.0" encoding="UTF-8"?>
<!-- Generated by org.testng.reporters.JUnitReportReporter -->
<testsuite hostname="Kamini92" failures="0" tests="3" name="testcases.LoginTest" time="47.065" errors="0" timestamp="30 Apr 2023 05:29:00 GMT" skipped="0">
  <testcase classname="testcases.LoginTest" name="test4" time="15.656"/>
  <testcase classname="testcases.LoginTest" name="test1" time="15.992"/>
  <testcase classname="testcases.LoginTest" name="test2" time="15.417"/>
</testsuite> <!-- testcases.LoginTest -->
