<?xml version="1.0" encoding="UTF-8"?>
<!-- Generated by org.testng.reporters.JUnitReportReporter -->
<testsuite hostname="Kamini92" failures="0" tests="1" name="testcases.HomeTestpage" time="3.514" errors="0" timestamp="30 Apr 2023 06:46:06 GMT" skipped="0">
  <testcase classname="testcases.HomeTestpage" name="test3" time="3.514"/>
</testsuite> <!-- testcases.HomeTestpage -->
