<?xml version="1.0" encoding="UTF-8"?>
<!-- Generated by org.testng.reporters.JUnitReportReporter -->
<testsuite hostname="Kamini92" failures="0" tests="3" name="testcases.LoginTest" time="47.956" errors="0" timestamp="29 Apr 2023 07:43:56 GMT" skipped="0">
  <testcase classname="testcases.LoginTest" name="test1" time="15.411"/>
  <testcase classname="testcases.LoginTest" name="test4" time="16.131"/>
  <testcase classname="testcases.LoginTest" name="test2" time="16.414"/>
</testsuite> <!-- testcases.LoginTest -->
