<?xml version="1.0" encoding="UTF-8"?>
<!-- Generated by org.testng.reporters.JUnitReportReporter -->
<testsuite skipped="0" hostname="Kamini92" name="testcases.LoginTest" tests="3" failures="0" timestamp="29 Apr 2023 07:47:13 GMT" time="62.313" errors="0">
  <testcase name="test4" time="19.260" classname="testcases.LoginTest"/>
  <testcase name="test2" time="16.561" classname="testcases.LoginTest"/>
  <testcase name="test1" time="26.492" classname="testcases.LoginTest"/>
</testsuite> <!-- testcases.LoginTest -->
